#
# There is insufficient memory for the Java Runtime Environment to continue.
# Native memory allocation (mmap) failed to map 57671680 bytes for committing reserved memory.
# Possible reasons:
#   The system is out of physical RAM or swap space
#   The process is running with CompressedOops enabled, and the Java Heap may be blocking the growth of the native heap
# Possible solutions:
#   Reduce memory load on the system
#   Increase physical memory or swap space
#   Check if swap backing store is full
#   Decrease Java heap size (-Xmx/-Xms)
#   Decrease number of Java threads
#   Decrease Java thread stack sizes (-Xss)
#   Set larger code cache with -XX:ReservedCodeCacheSize=
#   JVM is running with Unscaled Compressed Oops mode in which the Java heap is
#     placed in the first 4GB address space. The Java Heap base address is the
#     maximum limit for the native heap growth. Please use -XX:HeapBaseMinAddress
#     to set the Java Heap base and to place the Java Heap above 4GB virtual address.
# This output file may be truncated or incomplete.
#
#  Out of Memory Error (os_linux.cpp:2893), pid=7627, tid=7657
#
# JRE version: OpenJDK Runtime Environment (11.0.4+11) (build 11.0.4+11-post-Ubuntu-1ubuntu218.04.3)
# Java VM: OpenJDK 64-Bit Server VM (11.0.4+11-post-Ubuntu-1ubuntu218.04.3, mixed mode, sharing, tiered, compressed oops, g1 gc, linux-amd64)
# Core dump will be written. Default location: Core dumps may be processed with "/usr/share/apport/apport %p %s %c %d %P" (or dumping to /home/ajoecker/IdeaProjects/gauge-services/core.7627)
#

---------------  S U M M A R Y ------------

Command Line: -Dclassworlds.conf=/usr/share/maven/bin/m2.conf -Dmaven.home=/usr/share/maven -Dlibrary.jansi.path=/usr/share/maven/lib/jansi-native -Dmaven.multiModuleProjectDirectory=/home/ajoecker/IdeaProjects/gauge-services org.codehaus.plexus.classworlds.launcher.Launcher clean install

Host: Intel(R) Core(TM) i7-7500U CPU @ 2.70GHz, 2 cores, 1G, Ubuntu 18.04.3 LTS
Time: Wed Dec  4 10:31:42 2019 CET elapsed time: 193 seconds (0d 0h 3m 13s)

---------------  T H R E A D  ---------------

Current thread (0x00007f1538087800):  VMThread "VM Thread" [stack: 0x00007f15186ef000,0x00007f15187ef000] [id=7657]

Stack: [0x00007f15186ef000,0x00007f15187ef000],  sp=0x00007f15187ecff0,  free space=1015k
Native frames: (J=compiled Java code, A=aot compiled Java code, j=interpreted, Vv=VM code, C=native code)
V  [libjvm.so+0xde4547]
V  [libjvm.so+0xde519b]
V  [libjvm.so+0x6511a5]
V  [libjvm.so+0xbbed38]
V  [libjvm.so+0xbb5ebd]
V  [libjvm.so+0x76f53f]
V  [libjvm.so+0x76f7ae]
V  [libjvm.so+0x77b820]
V  [libjvm.so+0x7f6969]
V  [libjvm.so+0x7f75c2]
V  [libjvm.so+0x7f7a29]
V  [libjvm.so+0x72de6f]
V  [libjvm.so+0x732b6a]
V  [libjvm.so+0xdf01e1]
V  [libjvm.so+0xdeeda8]
V  [libjvm.so+0xdec5e6]
V  [libjvm.so+0xdecaf0]
V  [libjvm.so+0xdecf23]
V  [libjvm.so+0xd7aeea]
V  [libjvm.so+0xbc4a5e]

VM_Operation (0x00007f1540314fa0): G1CollectForAllocation, mode: safepoint, requested by thread 0x00007f1538012000


---------------  P R O C E S S  ---------------

Threads class SMR info:
_java_thread_list=0x00007f15380d33d0, length=9, elements={
0x00007f1538012000, 0x00007f153808a800, 0x00007f153808c800, 0x00007f1538093000,
0x00007f1538095000, 0x00007f1538097000, 0x00007f1538099000, 0x00007f15380c9000,
0x00007f15380d2000
}

Java Threads: ( => current thread )
  0x00007f1538012000 JavaThread "main" [_thread_blocked, id=7651, stack(0x00007f154021a000,0x00007f154031b000)]
  0x00007f153808a800 JavaThread "Reference Handler" daemon [_thread_blocked, id=7658, stack(0x00007f15185ec000,0x00007f15186ed000)]
  0x00007f153808c800 JavaThread "Finalizer" daemon [_thread_blocked, id=7659, stack(0x00007f15184eb000,0x00007f15185ec000)]
  0x00007f1538093000 JavaThread "Signal Dispatcher" daemon [_thread_blocked, id=7660, stack(0x00007f15183ea000,0x00007f15184eb000)]
  0x00007f1538095000 JavaThread "C2 CompilerThread0" daemon [_thread_blocked, id=7661, stack(0x00007f15182e9000,0x00007f15183ea000)]
  0x00007f1538097000 JavaThread "C1 CompilerThread0" daemon [_thread_blocked, id=7662, stack(0x00007f15181e8000,0x00007f15182e9000)]
  0x00007f1538099000 JavaThread "Sweeper thread" daemon [_thread_blocked, id=7663, stack(0x00007f15180e7000,0x00007f15181e8000)]
  0x00007f15380c9000 JavaThread "Service Thread" daemon [_thread_blocked, id=7664, stack(0x00007f14fb530000,0x00007f14fb631000)]
  0x00007f15380d2000 JavaThread "Common-Cleaner" daemon [_thread_blocked, id=7666, stack(0x00007f14fb32d000,0x00007f14fb42e000)]

Other Threads:
=>0x00007f1538087800 VMThread "VM Thread" [stack: 0x00007f15186ef000,0x00007f15187ef000] [id=7657]
  0x00007f15380cb800 WatcherThread [stack: 0x00007f14fb430000,0x00007f14fb530000] [id=7665]
  0x00007f1538028000 GCTaskThread "GC Thread#0" [stack: 0x00007f153c20a000,0x00007f153c30a000] [id=7652]
  0x00007f1508001000 GCTaskThread "GC Thread#1" [stack: 0x00007f14fae05000,0x00007f14faf05000] [id=7667]
  0x00007f1538038000 ConcurrentGCThread "G1 Main Marker" [stack: 0x00007f152056b000,0x00007f152066b000] [id=7653]
  0x00007f153803a000 ConcurrentGCThread "G1 Conc#0" [stack: 0x00007f1520469000,0x00007f1520569000] [id=7654]
  0x00007f153805d000 ConcurrentGCThread "G1 Refine#0" [stack: 0x00007f1520165000,0x00007f1520265000] [id=7655]
  0x00007f153805f000 ConcurrentGCThread "G1 Young RemSet Sampling" [stack: 0x00007f1520063000,0x00007f1520163000] [id=7656]

Threads with active compile tasks:
C2 CompilerThread07503       4       com.sun.tools.javac.code.Symtab::lookupPackage (243 bytes)
C1 CompilerThread07617       2       com.sun.tools.javac.comp.InferenceContext::asInstType (17 bytes)

VM state:at safepoint (normal execution)

VM Mutex/Monitor currently owned by a thread:  ([mutex/lock_event])
[0x00007f153800e630] Threads_lock - owner thread: 0x00007f1538087800
[0x00007f153800ed80] Heap_lock - owner thread: 0x00007f1538012000

Heap address: 0x00000000e0e00000, size: 498 MB, Compressed Oops mode: 32-bit
Narrow klass base: 0x0000000800000000, Narrow klass shift: 3
Compressed class space size: 1073741824 Address: 0x0000000840000000

Heap:
 garbage-first heap   total 120832K, used 43632K [0x00000000e0e00000, 0x0000000100000000)
  region size 1024K, 1 young (1024K), 1 survivors (1024K)
 Metaspace       used 33041K, capacity 34435K, committed 34684K, reserved 1079296K
  class space    used 3785K, capacity 4208K, committed 4272K, reserved 1048576K
Heap Regions: E=young(eden), S=young(survivor), O=old, HS=humongous(starts), HC=humongous(continues), CS=collection set, F=free, A=archive, TAMS=top-at-mark-start (previous, next)
|   0|0x00000000e0e00000, 0x00000000e0f00000, 0x00000000e0f00000|100%| O|  |TAMS 0x00000000e0f00000, 0x00000000e0e00000| Untracked 
|   1|0x00000000e0f00000, 0x00000000e1000000, 0x00000000e1000000|100%| O|  |TAMS 0x00000000e1000000, 0x00000000e0f00000| Untracked 
|   2|0x00000000e1000000, 0x00000000e1100000, 0x00000000e1100000|100%| O|  |TAMS 0x00000000e1100000, 0x00000000e1000000| Complete 
|   3|0x00000000e1100000, 0x00000000e1200000, 0x00000000e1200000|100%| O|  |TAMS 0x00000000e1200000, 0x00000000e1100000| Untracked 
|   4|0x00000000e1200000, 0x00000000e1300000, 0x00000000e1300000|100%| O|  |TAMS 0x00000000e1300000, 0x00000000e1200000| Complete 
|   5|0x00000000e1300000, 0x00000000e1400000, 0x00000000e1400000|100%| O|  |TAMS 0x00000000e1400000, 0x00000000e1300000| Untracked 
|   6|0x00000000e1400000, 0x00000000e1500000, 0x00000000e1500000|100%| O|  |TAMS 0x00000000e1500000, 0x00000000e1400000| Complete 
|   7|0x00000000e1500000, 0x00000000e1600000, 0x00000000e1600000|100%| O|  |TAMS 0x00000000e1600000, 0x00000000e1500000| Complete 
|   8|0x00000000e1600000, 0x00000000e1700000, 0x00000000e1700000|100%| O|  |TAMS 0x00000000e1700000, 0x00000000e1600000| Untracked 
|   9|0x00000000e1700000, 0x00000000e1800000, 0x00000000e1800000|100%| O|  |TAMS 0x00000000e1800000, 0x00000000e1700000| Complete 
|  10|0x00000000e1800000, 0x00000000e1900000, 0x00000000e1900000|100%| O|  |TAMS 0x00000000e1900000, 0x00000000e1800000| Untracked 
|  11|0x00000000e1900000, 0x00000000e1a00000, 0x00000000e1a00000|100%| O|  |TAMS 0x00000000e1a00000, 0x00000000e1900000| Untracked 
|  12|0x00000000e1a00000, 0x00000000e1b00000, 0x00000000e1b00000|100%| O|  |TAMS 0x00000000e1b00000, 0x00000000e1a00000| Untracked 
|  13|0x00000000e1b00000, 0x00000000e1c00000, 0x00000000e1c00000|100%| O|  |TAMS 0x00000000e1c00000, 0x00000000e1b00000| Untracked 
|  14|0x00000000e1c00000, 0x00000000e1d00000, 0x00000000e1d00000|100%| O|  |TAMS 0x00000000e1d00000, 0x00000000e1c00000| Untracked 
|  15|0x00000000e1d00000, 0x00000000e1e00000, 0x00000000e1e00000|100%| O|  |TAMS 0x00000000e1e00000, 0x00000000e1d00000| Complete 
|  16|0x00000000e1e00000, 0x00000000e1f00000, 0x00000000e1f00000|100%| O|  |TAMS 0x00000000e1f00000, 0x00000000e1e00000| Untracked 
|  17|0x00000000e1f00000, 0x00000000e2000000, 0x00000000e2000000|100%| O|  |TAMS 0x00000000e2000000, 0x00000000e1f00000| Untracked 
|  18|0x00000000e2000000, 0x00000000e2100000, 0x00000000e2100000|100%| O|  |TAMS 0x00000000e2100000, 0x00000000e2000000| Complete 
|  19|0x00000000e2100000, 0x00000000e2200000, 0x00000000e2200000|100%| O|  |TAMS 0x00000000e2200000, 0x00000000e2100000| Untracked 
|  20|0x00000000e2200000, 0x00000000e2300000, 0x00000000e2300000|100%| O|  |TAMS 0x00000000e2239800, 0x00000000e2200000| Untracked 
|  21|0x00000000e2300000, 0x00000000e2400000, 0x00000000e2400000|100%| O|  |TAMS 0x00000000e2400000, 0x00000000e2300000| Complete 
|  22|0x00000000e2400000, 0x00000000e2500000, 0x00000000e2500000|100%| O|  |TAMS 0x00000000e2500000, 0x00000000e2400000| Untracked 
|  23|0x00000000e2500000, 0x00000000e2600000, 0x00000000e2600000|100%| O|  |TAMS 0x00000000e2600000, 0x00000000e2500000| Untracked 
|  24|0x00000000e2600000, 0x00000000e2700000, 0x00000000e2700000|100%| O|  |TAMS 0x00000000e2700000, 0x00000000e2600000| Untracked 
|  25|0x00000000e2700000, 0x00000000e2700000, 0x00000000e2800000|  0%| F|  |TAMS 0x00000000e2700000, 0x00000000e2700000| Untracked 
|  26|0x00000000e2800000, 0x00000000e2900000, 0x00000000e2900000|100%| O|  |TAMS 0x00000000e2900000, 0x00000000e2800000| Complete 
|  27|0x00000000e2900000, 0x00000000e2a00000, 0x00000000e2a00000|100%| O|  |TAMS 0x00000000e2900000, 0x00000000e2900000| Untracked 
|  28|0x00000000e2a00000, 0x00000000e2b00000, 0x00000000e2b00000|100%| O|  |TAMS 0x00000000e2b00000, 0x00000000e2a00000| Untracked 
|  29|0x00000000e2b00000, 0x00000000e2bd5200, 0x00000000e2c00000| 83%| O|  |TAMS 0x00000000e2b00000, 0x00000000e2b00000| Untracked 
|  30|0x00000000e2c00000, 0x00000000e2c00000, 0x00000000e2d00000|  0%| F|  |TAMS 0x00000000e2c00000, 0x00000000e2c00000| Untracked 
|  31|0x00000000e2d00000, 0x00000000e2e00000, 0x00000000e2e00000|100%| O|  |TAMS 0x00000000e2e00000, 0x00000000e2d00000| Untracked 
|  32|0x00000000e2e00000, 0x00000000e2f00000, 0x00000000e2f00000|100%| O|  |TAMS 0x00000000e2f00000, 0x00000000e2e00000| Untracked 
|  33|0x00000000e2f00000, 0x00000000e2f00000, 0x00000000e3000000|  0%| F|  |TAMS 0x00000000e2f00000, 0x00000000e2f00000| Untracked 
|  34|0x00000000e3000000, 0x00000000e3100000, 0x00000000e3100000|100%| O|  |TAMS 0x00000000e3100000, 0x00000000e3000000| Untracked 
|  35|0x00000000e3100000, 0x00000000e3200000, 0x00000000e3200000|100%| O|  |TAMS 0x00000000e3200000, 0x00000000e3100000| Untracked 
|  36|0x00000000e3200000, 0x00000000e3300000, 0x00000000e3300000|100%| O|  |TAMS 0x00000000e3300000, 0x00000000e3200000| Complete 
|  37|0x00000000e3300000, 0x00000000e3400000, 0x00000000e3400000|100%| O|  |TAMS 0x00000000e3400000, 0x00000000e3300000| Untracked 
|  38|0x00000000e3400000, 0x00000000e3500000, 0x00000000e3500000|100%| O|  |TAMS 0x00000000e3500000, 0x00000000e3400000| Untracked 
|  39|0x00000000e3500000, 0x00000000e3500000, 0x00000000e3600000|  0%| F|  |TAMS 0x00000000e3500000, 0x00000000e3500000| Untracked 
|  40|0x00000000e3600000, 0x00000000e3700000, 0x00000000e3700000|100%|HS|  |TAMS 0x00000000e3700000, 0x00000000e3600000| Complete 
|  41|0x00000000e3700000, 0x00000000e3700000, 0x00000000e3800000|  0%| F|  |TAMS 0x00000000e3700000, 0x00000000e3700000| Untracked 
|  42|0x00000000e3800000, 0x00000000e3800000, 0x00000000e3900000|  0%| F|  |TAMS 0x00000000e3800000, 0x00000000e3800000| Untracked 
|  43|0x00000000e3900000, 0x00000000e3a00000, 0x00000000e3a00000|100%| O|  |TAMS 0x00000000e3a00000, 0x00000000e3900000| Complete 
|  44|0x00000000e3a00000, 0x00000000e3b00000, 0x00000000e3b00000|100%| O|  |TAMS 0x00000000e3b00000, 0x00000000e3a00000| Untracked 
|  45|0x00000000e3b00000, 0x00000000e3c00000, 0x00000000e3c00000|100%| O|  |TAMS 0x00000000e3c00000, 0x00000000e3b00000| Untracked 
|  46|0x00000000e3c00000, 0x00000000e3d00000, 0x00000000e3d00000|100%| O|  |TAMS 0x00000000e3d00000, 0x00000000e3c00000| Untracked 
|  47|0x00000000e3d00000, 0x00000000e3e00000, 0x00000000e3e00000|100%| O|  |TAMS 0x00000000e3e00000, 0x00000000e3d00000| Untracked 
|  48|0x00000000e3e00000, 0x00000000e3e00000, 0x00000000e3f00000|  0%| F|  |TAMS 0x00000000e3e00000, 0x00000000e3e00000| Untracked 
|  49|0x00000000e3f00000, 0x00000000e3f00000, 0x00000000e4000000|  0%| F|  |TAMS 0x00000000e3f00000, 0x00000000e3f00000| Untracked 
|  50|0x00000000e4000000, 0x00000000e4000000, 0x00000000e4100000|  0%| F|  |TAMS 0x00000000e4000000, 0x00000000e4000000| Untracked 
|  51|0x00000000e4100000, 0x00000000e4100000, 0x00000000e4200000|  0%| F|  |TAMS 0x00000000e4100000, 0x00000000e4100000| Untracked 
|  52|0x00000000e4200000, 0x00000000e4200000, 0x00000000e4300000|  0%| F|  |TAMS 0x00000000e4200000, 0x00000000e4200000| Untracked 
|  53|0x00000000e4300000, 0x00000000e4300000, 0x00000000e4400000|  0%| F|  |TAMS 0x00000000e4300000, 0x00000000e4300000| Untracked 
|  54|0x00000000e4400000, 0x00000000e4400000, 0x00000000e4500000|  0%| F|  |TAMS 0x00000000e4400000, 0x00000000e4400000| Untracked 
|  55|0x00000000e4500000, 0x00000000e4500000, 0x00000000e4600000|  0%| F|  |TAMS 0x00000000e4500000, 0x00000000e4500000| Untracked 
|  56|0x00000000e4600000, 0x00000000e4600000, 0x00000000e4700000|  0%| F|  |TAMS 0x00000000e4600000, 0x00000000e4600000| Untracked 
|  57|0x00000000e4700000, 0x00000000e4700000, 0x00000000e4800000|  0%| F|  |TAMS 0x00000000e4700000, 0x00000000e4700000| Untracked 
|  58|0x00000000e4800000, 0x00000000e4828ed0, 0x00000000e4900000| 15%| S|CS|TAMS 0x00000000e4800000, 0x00000000e4800000| Complete 
|  59|0x00000000e4900000, 0x00000000e4900000, 0x00000000e4a00000|  0%| F|  |TAMS 0x00000000e4900000, 0x00000000e4900000| Untracked 
|  60|0x00000000e4a00000, 0x00000000e4a00000, 0x00000000e4b00000|  0%| F|  |TAMS 0x00000000e4a00000, 0x00000000e4a00000| Untracked 
| 496|0x00000000ffe00000, 0x00000000ffe34000, 0x00000000fff00000| 20%|OA|  |TAMS 0x00000000ffe34000, 0x00000000ffe00000| Untracked 
| 497|0x00000000fff00000, 0x00000000fff6a000, 0x0000000100000000| 41%|CA|  |TAMS 0x00000000fff6a000, 0x00000000fff00000| Untracked 

Card table byte_map: [0x00007f1520764000,0x00007f152085d000] _byte_map_base: 0x00007f152005d000

Marking Bits (Prev, Next): (CMBitMap*) 0x00007f1538035658, (CMBitMap*) 0x00007f1538035690
 Prev Bits: [0x00007f151b838000, 0x00007f151c000000)
 Next Bits: [0x00007f151b070000, 0x00007f151b838000)

Polling page: 0x00007f154032d000

Metaspace:

Usage:
  Non-class:     29,52 MB capacity,    28,57 MB ( 97%) used,   898,62 KB (  3%) free+waste,    72,12 KB ( <1%) overhead. 
      Class:      4,11 MB capacity,     3,70 MB ( 90%) used,   390,30 KB (  9%) free+waste,    32,69 KB ( <1%) overhead. 
       Both:     33,63 MB capacity,    32,27 MB ( 96%) used,     1,26 MB (  4%) free+waste,   104,81 KB ( <1%) overhead. 

Virtual space:
  Non-class space:       30,00 MB reserved,      29,70 MB ( 99%) committed 
      Class space:        1,00 GB reserved,       4,17 MB ( <1%) committed 
             Both:        1,03 GB reserved,      33,87 MB (  3%) committed 

Chunk freelists:
   Non-Class:  45,00 KB
       Class:  16,00 KB
        Both:  61,00 KB

CodeHeap 'non-profiled nmethods': size=120036Kb used=3751Kb max_used=3751Kb free=116284Kb
 bounds [0x00007f152841d000, 0x00007f15287cd000, 0x00007f152f956000]
CodeHeap 'profiled nmethods': size=120032Kb used=18186Kb max_used=18186Kb free=101845Kb
 bounds [0x00007f1520ee5000, 0x00007f15220b5000, 0x00007f152841d000]
CodeHeap 'non-nmethods': size=5692Kb used=1131Kb max_used=1167Kb free=4560Kb
 bounds [0x00007f1520956000, 0x00007f1520bc6000, 0x00007f1520ee5000]
 total_blobs=9276 nmethods=7176 adapters=370
 compilation: enabled
              stopped_count=0, restarted_count=0
 full_count=0

Compilation events (10 events):
Event: 192,823 Thread 0x00007f1538097000 nmethod 7608 0x00007f15220a7810 code [0x00007f15220a79c0, 0x00007f15220a7c50]
Event: 192,828 Thread 0x00007f1538097000 7613       2       com.sun.tools.javac.comp.Attr::attribAnyTypes (52 bytes)
Event: 192,838 Thread 0x00007f1538097000 nmethod 7613 0x00007f15220a7d10 code [0x00007f15220a7f00, 0x00007f15220a8388]
Event: 192,839 Thread 0x00007f1538097000 7614       2       com.sun.tools.javac.comp.Check::checkRefTypes (57 bytes)
Event: 192,853 Thread 0x00007f1538097000 nmethod 7614 0x00007f15220a8610 code [0x00007f15220a8820, 0x00007f15220a8d28]
Event: 192,856 Thread 0x00007f1538097000 7615       2       com.sun.tools.javac.comp.Check::setMethod (12 bytes)
Event: 192,857 Thread 0x00007f1538097000 nmethod 7615 0x00007f15220a9010 code [0x00007f15220a91c0, 0x00007f15220a9390]
Event: 192,864 Thread 0x00007f1538097000 7616       2       com.sun.tools.javac.comp.Check::checkExtends (103 bytes)
Event: 192,940 Thread 0x00007f1538097000 nmethod 7616 0x00007f15220a9410 code [0x00007f15220a9660, 0x00007f15220a9a78]
Event: 193,000 Thread 0x00007f1538097000 7617       2       com.sun.tools.javac.comp.InferenceContext::asInstType (17 bytes)

GC Heap History (10 events):
Event: 189,253 GC heap after
{Heap after GC invocations=47 (full 0):
 garbage-first heap   total 64512K, used 44340K [0x00000000e0e00000, 0x0000000100000000)
  region size 1024K, 1 young (1024K), 1 survivors (1024K)
 Metaspace       used 32919K, capacity 34294K, committed 34428K, reserved 1079296K
  class space    used 3782K, capacity 4205K, committed 4272K, reserved 1048576K
}
Event: 189,449 GC heap before
{Heap before GC invocations=48 (full 0):
 garbage-first heap   total 64512K, used 48436K [0x00000000e0e00000, 0x0000000100000000)
  region size 1024K, 6 young (6144K), 1 survivors (1024K)
 Metaspace       used 32932K, capacity 34303K, committed 34428K, reserved 1079296K
  class space    used 3783K, capacity 4208K, committed 4272K, reserved 1048576K
}
Event: 189,463 GC heap after
{Heap after GC invocations=49 (full 0):
 garbage-first heap   total 64512K, used 44996K [0x00000000e0e00000, 0x0000000100000000)
  region size 1024K, 1 young (1024K), 1 survivors (1024K)
 Metaspace       used 32932K, capacity 34303K, committed 34428K, reserved 1079296K
  class space    used 3783K, capacity 4208K, committed 4272K, reserved 1048576K
}
Event: 189,541 GC heap before
{Heap before GC invocations=49 (full 0):
 garbage-first heap   total 64512K, used 47044K [0x00000000e0e00000, 0x0000000100000000)
  region size 1024K, 3 young (3072K), 1 survivors (1024K)
 Metaspace       used 32934K, capacity 34304K, committed 34428K, reserved 1079296K
  class space    used 3783K, capacity 4208K, committed 4272K, reserved 1048576K
}
Event: 189,585 GC heap after
{Heap after GC invocations=50 (full 0):
 garbage-first heap   total 64512K, used 41663K [0x00000000e0e00000, 0x0000000100000000)
  region size 1024K, 1 young (1024K), 1 survivors (1024K)
 Metaspace       used 32934K, capacity 34304K, committed 34428K, reserved 1079296K
  class space    used 3783K, capacity 4208K, committed 4272K, reserved 1048576K
}
Event: 190,705 GC heap before
{Heap before GC invocations=50 (full 0):
 garbage-first heap   total 64512K, used 47807K [0x00000000e0e00000, 0x0000000100000000)
  region size 1024K, 7 young (7168K), 1 survivors (1024K)
 Metaspace       used 32948K, capacity 34304K, committed 34428K, reserved 1079296K
  class space    used 3783K, capacity 4208K, committed 4272K, reserved 1048576K
}
Event: 190,752 GC heap after
{Heap after GC invocations=51 (full 0):
 garbage-first heap   total 64512K, used 42846K [0x00000000e0e00000, 0x0000000100000000)
  region size 1024K, 1 young (1024K), 1 survivors (1024K)
 Metaspace       used 32948K, capacity 34304K, committed 34428K, reserved 1079296K
  class space    used 3783K, capacity 4208K, committed 4272K, reserved 1048576K
}
Event: 191,811 GC heap before
{Heap before GC invocations=52 (full 0):
 garbage-first heap   total 64512K, used 47966K [0x00000000e0e00000, 0x0000000100000000)
  region size 1024K, 6 young (6144K), 1 survivors (1024K)
 Metaspace       used 33027K, capacity 34371K, committed 34684K, reserved 1079296K
  class space    used 3785K, capacity 4208K, committed 4272K, reserved 1048576K
}
Event: 191,860 GC heap after
{Heap after GC invocations=53 (full 0):
 garbage-first heap   total 64512K, used 43797K [0x00000000e0e00000, 0x0000000100000000)
  region size 1024K, 1 young (1024K), 1 survivors (1024K)
 Metaspace       used 33027K, capacity 34371K, committed 34684K, reserved 1079296K
  class space    used 3785K, capacity 4208K, committed 4272K, reserved 1048576K
}
Event: 193,037 GC heap before
{Heap before GC invocations=53 (full 0):
 garbage-first heap   total 64512K, used 45845K [0x00000000e0e00000, 0x0000000100000000)
  region size 1024K, 3 young (3072K), 1 survivors (1024K)
 Metaspace       used 33041K, capacity 34435K, committed 34684K, reserved 1079296K
  class space    used 3785K, capacity 4208K, committed 4272K, reserved 1048576K
}

Deoptimization events (10 events):
Event: 191,253 Thread 0x00007f1538012000 DEOPT PACKING pc=0x00007f152876e768 sp=0x00007f1540316cc0
Event: 191,255 Thread 0x00007f1538012000 DEOPT UNPACKING pc=0x00007f152097e9a5 sp=0x00007f1540316c78 mode 2
Event: 191,285 Thread 0x00007f1538012000 Uncommon trap: trap_request=0xffffffde fr.pc=0x00007f152876e768 relative=0x00000000000001a8
Event: 191,285 Thread 0x00007f1538012000 Uncommon trap: reason=class_check action=maybe_recompile pc=0x00007f152876e768 method=com.sun.tools.javac.code.Type$ClassType.allparams()Lcom/sun/tools/javac/util/List; @ 16 c2
Event: 191,285 Thread 0x00007f1538012000 DEOPT PACKING pc=0x00007f152876e768 sp=0x00007f1540316cc0
Event: 191,286 Thread 0x00007f1538012000 DEOPT UNPACKING pc=0x00007f152097e9a5 sp=0x00007f1540316c78 mode 2
Event: 191,525 Thread 0x00007f1538012000 Uncommon trap: trap_request=0xffffffde fr.pc=0x00007f152876e768 relative=0x00000000000001a8
Event: 191,528 Thread 0x00007f1538012000 Uncommon trap: reason=class_check action=maybe_recompile pc=0x00007f152876e768 method=com.sun.tools.javac.code.Type$ClassType.allparams()Lcom/sun/tools/javac/util/List; @ 16 c2
Event: 191,531 Thread 0x00007f1538012000 DEOPT PACKING pc=0x00007f152876e768 sp=0x00007f1540316cf0
Event: 191,532 Thread 0x00007f1538012000 DEOPT UNPACKING pc=0x00007f152097e9a5 sp=0x00007f1540316ca8 mode 2

Classes redefined (0 events):
No events

Internal exceptions (10 events):
Event: 189,296 Thread 0x00007f1538012000 Exception <a 'sun/nio/fs/UnixException'{0x00000000e4792400}> (0x00000000e4792400) thrown at [/build/openjdk-lts-7bqZff/openjdk-lts-11.0.4+11/src/hotspot/share/prims/jni.cpp, line 615]
Event: 189,296 Thread 0x00007f1538012000 Exception <a 'sun/nio/fs/UnixException'{0x00000000e4792a78}> (0x00000000e4792a78) thrown at [/build/openjdk-lts-7bqZff/openjdk-lts-11.0.4+11/src/hotspot/share/prims/jni.cpp, line 615]
Event: 189,296 Thread 0x00007f1538012000 Exception <a 'sun/nio/fs/UnixException'{0x00000000e47930f0}> (0x00000000e47930f0) thrown at [/build/openjdk-lts-7bqZff/openjdk-lts-11.0.4+11/src/hotspot/share/prims/jni.cpp, line 615]
Event: 189,296 Thread 0x00007f1538012000 Exception <a 'sun/nio/fs/UnixException'{0x00000000e4793768}> (0x00000000e4793768) thrown at [/build/openjdk-lts-7bqZff/openjdk-lts-11.0.4+11/src/hotspot/share/prims/jni.cpp, line 615]
Event: 191,424 Thread 0x00007f1538012000 Exception <a 'sun/nio/fs/UnixException'{0x00000000e4640658}> (0x00000000e4640658) thrown at [/build/openjdk-lts-7bqZff/openjdk-lts-11.0.4+11/src/hotspot/share/prims/jni.cpp, line 615]
Event: 191,427 Thread 0x00007f1538012000 Exception <a 'sun/nio/fs/UnixException'{0x00000000e4640db0}> (0x00000000e4640db0) thrown at [/build/openjdk-lts-7bqZff/openjdk-lts-11.0.4+11/src/hotspot/share/prims/jni.cpp, line 615]
Event: 191,428 Thread 0x00007f1538012000 Exception <a 'sun/nio/fs/UnixException'{0x00000000e46414f0}> (0x00000000e46414f0) thrown at [/build/openjdk-lts-7bqZff/openjdk-lts-11.0.4+11/src/hotspot/share/prims/jni.cpp, line 615]
Event: 191,428 Thread 0x00007f1538012000 Exception <a 'sun/nio/fs/UnixException'{0x00000000e4641c20}> (0x00000000e4641c20) thrown at [/build/openjdk-lts-7bqZff/openjdk-lts-11.0.4+11/src/hotspot/share/prims/jni.cpp, line 615]
Event: 191,428 Thread 0x00007f1538012000 Exception <a 'sun/nio/fs/UnixException'{0x00000000e4642338}> (0x00000000e4642338) thrown at [/build/openjdk-lts-7bqZff/openjdk-lts-11.0.4+11/src/hotspot/share/prims/jni.cpp, line 615]
Event: 191,428 Thread 0x00007f1538012000 Exception <a 'sun/nio/fs/UnixException'{0x00000000e4642a40}> (0x00000000e4642a40) thrown at [/build/openjdk-lts-7bqZff/openjdk-lts-11.0.4+11/src/hotspot/share/prims/jni.cpp, line 615]

Events (10 events):
Event: 189,588 Executing VM operation: G1CollectForAllocation done
Event: 190,691 Executing VM operation: G1CollectForAllocation
Event: 190,755 Executing VM operation: G1CollectForAllocation done
Event: 190,957 Executing VM operation: CGC_Operation
Event: 191,032 Executing VM operation: CGC_Operation done
Event: 191,074 Executing VM operation: CGC_Operation
Event: 191,088 Executing VM operation: CGC_Operation done
Event: 191,798 Executing VM operation: G1CollectForAllocation
Event: 191,863 Executing VM operation: G1CollectForAllocation done
Event: 193,024 Executing VM operation: G1CollectForAllocation


Dynamic libraries:
e0e00000-e4b00000 rw-p 00000000 00:00 0 
e8200000-ffe00000 ---p 00000000 00:00 0 
ffe00000-ffe34000 rw-p 01116000 08:01 920879                             /usr/lib/jvm/java-11-openjdk-amd64/lib/server/classes.jsa
ffe34000-fff00000 rw-p 00000000 00:00 0 
fff00000-fff6a000 rw-p 010ac000 08:01 920879                             /usr/lib/jvm/java-11-openjdk-amd64/lib/server/classes.jsa
fff6a000-100000000 rw-p 00000000 00:00 0 
800000000-800002000 rwxp 00001000 08:01 920879                           /usr/lib/jvm/java-11-openjdk-amd64/lib/server/classes.jsa
800002000-8003bd000 rw-p 00003000 08:01 920879                           /usr/lib/jvm/java-11-openjdk-amd64/lib/server/classes.jsa
8003bd000-800a98000 r--p 003be000 08:01 920879                           /usr/lib/jvm/java-11-openjdk-amd64/lib/server/classes.jsa
800a98000-800a99000 rw-p 00a99000 08:01 920879                           /usr/lib/jvm/java-11-openjdk-amd64/lib/server/classes.jsa
800a99000-8010ab000 r--p 00a9a000 08:01 920879                           /usr/lib/jvm/java-11-openjdk-amd64/lib/server/classes.jsa
840000000-84042c000 rw-p 00000000 00:00 0 
84042c000-880000000 ---p 00000000 00:00 0 
55d59b007000-55d59b008000 r-xp 00000000 08:01 917747                     /usr/lib/jvm/java-11-openjdk-amd64/bin/java
55d59b208000-55d59b209000 r--p 00001000 08:01 917747                     /usr/lib/jvm/java-11-openjdk-amd64/bin/java
55d59b209000-55d59b20a000 rw-p 00002000 08:01 917747                     /usr/lib/jvm/java-11-openjdk-amd64/bin/java
55d59bbef000-55d59bc10000 rw-p 00000000 00:00 0                          [heap]
7f14dc000000-7f14dc021000 rw-p 00000000 00:00 0 
7f14dc021000-7f14e0000000 ---p 00000000 00:00 0 
7f14e4000000-7f14e4021000 rw-p 00000000 00:00 0 
7f14e4021000-7f14e8000000 ---p 00000000 00:00 0 
7f14e8000000-7f14e8021000 rw-p 00000000 00:00 0 
7f14e8021000-7f14ec000000 ---p 00000000 00:00 0 
7f14ec000000-7f14ede6f000 rw-p 00000000 00:00 0 
7f14ede6f000-7f14f0000000 ---p 00000000 00:00 0 
7f14f0000000-7f14f080b000 rw-p 00000000 00:00 0 
7f14f080b000-7f14f4000000 ---p 00000000 00:00 0 
7f14f4000000-7f14f4021000 rw-p 00000000 00:00 0 
7f14f4021000-7f14f8000000 ---p 00000000 00:00 0 
7f14f9803000-7f14f99c3000 rw-p 00000000 00:00 0 
7f14f99c3000-7f14f9a03000 ---p 00000000 00:00 0 
7f14f9a03000-7f14f9c03000 rw-p 00000000 00:00 0 
7f14f9c03000-7f14f9e03000 rw-p 00000000 00:00 0 
7f14f9e03000-7f14fa003000 rw-p 00000000 00:00 0 
7f14fa003000-7f14fa203000 rw-p 00000000 00:00 0 
7f14fa203000-7f14fa3f6000 rw-p 00000000 00:00 0 
7f14fa3f6000-7f14fa403000 ---p 00000000 00:00 0 
7f14fa403000-7f14fa603000 rw-p 00000000 00:00 0 
7f14fa603000-7f14fa803000 rw-p 00000000 00:00 0 
7f14fa803000-7f14faa03000 rw-p 00000000 00:00 0 
7f14faa03000-7f14fac03000 rw-p 00000000 00:00 0 
7f14fac03000-7f14fae03000 rw-p 00000000 00:00 0 
7f14fae03000-7f14fae04000 ---p 00000000 00:00 0 
7f14fae04000-7f14faf05000 rw-p 00000000 00:00 0 
7f14faf05000-7f14faf1b000 r-xp 00000000 08:01 920734                     /usr/lib/jvm/java-11-openjdk-amd64/lib/libnet.so
7f14faf1b000-7f14fb11a000 ---p 00016000 08:01 920734                     /usr/lib/jvm/java-11-openjdk-amd64/lib/libnet.so
7f14fb11a000-7f14fb11b000 r--p 00015000 08:01 920734                     /usr/lib/jvm/java-11-openjdk-amd64/lib/libnet.so
7f14fb11b000-7f14fb11c000 rw-p 00016000 08:01 920734                     /usr/lib/jvm/java-11-openjdk-amd64/lib/libnet.so
7f14fb11c000-7f14fb12c000 r-xp 00000000 08:01 920735                     /usr/lib/jvm/java-11-openjdk-amd64/lib/libnio.so
7f14fb12c000-7f14fb32b000 ---p 00010000 08:01 920735                     /usr/lib/jvm/java-11-openjdk-amd64/lib/libnio.so
7f14fb32b000-7f14fb32c000 r--p 0000f000 08:01 920735                     /usr/lib/jvm/java-11-openjdk-amd64/lib/libnio.so
7f14fb32c000-7f14fb32d000 rw-p 00010000 08:01 920735                     /usr/lib/jvm/java-11-openjdk-amd64/lib/libnio.so
7f14fb32d000-7f14fb331000 ---p 00000000 00:00 0 
7f14fb331000-7f14fb42e000 rw-p 00000000 00:00 0 
7f14fb42e000-7f14fb42f000 ---p 00000000 00:00 0 
7f14fb42f000-7f14fb530000 rw-p 00000000 00:00 0 
7f14fb530000-7f14fb534000 ---p 00000000 00:00 0 
7f14fb534000-7f14fb631000 rw-p 00000000 00:00 0 
7f14fb631000-7f14fc000000 r--p 00000000 08:01 924233                     /usr/lib/locale/locale-archive
7f14fc000000-7f14fc021000 rw-p 00000000 00:00 0 
7f14fc021000-7f1500000000 ---p 00000000 00:00 0 
7f1500000000-7f1500021000 rw-p 00000000 00:00 0 
7f1500021000-7f1504000000 ---p 00000000 00:00 0 
7f1504000000-7f1504021000 rw-p 00000000 00:00 0 
7f1504021000-7f1508000000 ---p 00000000 00:00 0 
7f1508000000-7f1508022000 rw-p 00000000 00:00 0 
7f1508022000-7f150c000000 ---p 00000000 00:00 0 
7f150c000000-7f150c046000 rw-p 00000000 00:00 0 
7f150c046000-7f1510000000 ---p 00000000 00:00 0 
7f1510000000-7f1510021000 rw-p 00000000 00:00 0 
7f1510021000-7f1514000000 ---p 00000000 00:00 0 
7f1514000000-7f1514021000 rw-p 00000000 00:00 0 
7f1514021000-7f1518000000 ---p 00000000 00:00 0 
7f15180e7000-7f15180eb000 ---p 00000000 00:00 0 
7f15180eb000-7f15181e8000 rw-p 00000000 00:00 0 
7f15181e8000-7f15181ec000 ---p 00000000 00:00 0 
7f15181ec000-7f15182e9000 rw-p 00000000 00:00 0 
7f15182e9000-7f15182ed000 ---p 00000000 00:00 0 
7f15182ed000-7f15183ea000 rw-p 00000000 00:00 0 
7f15183ea000-7f15183ee000 ---p 00000000 00:00 0 
7f15183ee000-7f15184eb000 rw-p 00000000 00:00 0 
7f15184eb000-7f15184ef000 ---p 00000000 00:00 0 
7f15184ef000-7f15185ec000 rw-p 00000000 00:00 0 
7f15185ec000-7f15185f0000 ---p 00000000 00:00 0 
7f15185f0000-7f15186ed000 rw-p 00000000 00:00 0 
7f15186ed000-7f15186ee000 ---p 00000000 00:00 0 
7f15186ee000-7f151b164000 rw-p 00000000 00:00 0 
7f151b164000-7f151b830000 ---p 00000000 00:00 0 
7f151b830000-7f151b92c000 rw-p 00000000 00:00 0 
7f151b92c000-7f151bff8000 ---p 00000000 00:00 0 
7f151bff8000-7f151c000000 rw-p 00000000 00:00 0 
7f151c000000-7f151c021000 rw-p 00000000 00:00 0 
7f151c021000-7f1520000000 ---p 00000000 00:00 0 
7f1520030000-7f1520061000 rw-p 00000000 00:00 0 
7f1520061000-7f1520062000 ---p 00000000 00:00 0 
7f1520062000-7f1520163000 rw-p 00000000 00:00 0 
7f1520163000-7f1520164000 ---p 00000000 00:00 0 
7f1520164000-7f1520467000 rw-p 00000000 00:00 0 
7f1520467000-7f1520468000 ---p 00000000 00:00 0 
7f1520468000-7f1520569000 rw-p 00000000 00:00 0 
7f1520569000-7f152056a000 ---p 00000000 00:00 0 
7f152056a000-7f152068a000 rw-p 00000000 00:00 0 
7f152068a000-7f1520763000 ---p 00000000 00:00 0 
7f1520763000-7f1520783000 rw-p 00000000 00:00 0 
7f1520783000-7f152085c000 ---p 00000000 00:00 0 
7f152085c000-7f152087c000 rw-p 00000000 00:00 0 
7f152087c000-7f1520955000 ---p 00000000 00:00 0 
7f1520955000-7f1520956000 rw-p 00000000 00:00 0 
7f1520956000-7f1520bc6000 rwxp 00000000 00:00 0 
7f1520bc6000-7f1520ee5000 ---p 00000000 00:00 0 
7f1520ee5000-7f15220b5000 rwxp 00000000 00:00 0 
7f15220b5000-7f152841d000 ---p 00000000 00:00 0 
7f152841d000-7f15287cd000 rwxp 00000000 00:00 0 
7f15287cd000-7f152f956000 ---p 00000000 00:00 0 
7f152f956000-7f1538000000 r--s 00000000 08:01 920744                     /usr/lib/jvm/java-11-openjdk-amd64/lib/modules
7f1538000000-7f153a025000 rw-p 00000000 00:00 0 
7f153a025000-7f153c000000 ---p 00000000 00:00 0 
7f153c006000-7f153c208000 rw-p 00000000 00:00 0 
7f153c208000-7f153c209000 ---p 00000000 00:00 0 
7f153c209000-7f153c312000 rw-p 00000000 00:00 0 
7f153c312000-7f153c3f5000 ---p 00000000 00:00 0 
7f153c3f5000-7f153c419000 rw-p 00000000 00:00 0 
7f153c419000-7f153c4e0000 ---p 00000000 00:00 0 
7f153c4e0000-7f153c4e5000 r-xp 00000000 08:01 920726                     /usr/lib/jvm/java-11-openjdk-amd64/lib/libjimage.so
7f153c4e5000-7f153c6e4000 ---p 00005000 08:01 920726                     /usr/lib/jvm/java-11-openjdk-amd64/lib/libjimage.so
7f153c6e4000-7f153c6e5000 r--p 00004000 08:01 920726                     /usr/lib/jvm/java-11-openjdk-amd64/lib/libjimage.so
7f153c6e5000-7f153c6e6000 rw-p 00005000 08:01 920726                     /usr/lib/jvm/java-11-openjdk-amd64/lib/libjimage.so
7f153c6e6000-7f153c6ed000 r-xp 00000000 08:01 920743                     /usr/lib/jvm/java-11-openjdk-amd64/lib/libzip.so
7f153c6ed000-7f153c8ec000 ---p 00007000 08:01 920743                     /usr/lib/jvm/java-11-openjdk-amd64/lib/libzip.so
7f153c8ec000-7f153c8ed000 r--p 00006000 08:01 920743                     /usr/lib/jvm/java-11-openjdk-amd64/lib/libzip.so
7f153c8ed000-7f153c8ee000 rw-p 00007000 08:01 920743                     /usr/lib/jvm/java-11-openjdk-amd64/lib/libzip.so
7f153c8ee000-7f153c8f9000 r-xp 00000000 08:01 267782                     /lib/x86_64-linux-gnu/libnss_files-2.27.so
7f153c8f9000-7f153caf8000 ---p 0000b000 08:01 267782                     /lib/x86_64-linux-gnu/libnss_files-2.27.so
7f153caf8000-7f153caf9000 r--p 0000a000 08:01 267782                     /lib/x86_64-linux-gnu/libnss_files-2.27.so
7f153caf9000-7f153cafa000 rw-p 0000b000 08:01 267782                     /lib/x86_64-linux-gnu/libnss_files-2.27.so
7f153cafa000-7f153cb00000 rw-p 00000000 00:00 0 
7f153cb00000-7f153cb17000 r-xp 00000000 08:01 267776                     /lib/x86_64-linux-gnu/libnsl-2.27.so
7f153cb17000-7f153cd16000 ---p 00017000 08:01 267776                     /lib/x86_64-linux-gnu/libnsl-2.27.so
7f153cd16000-7f153cd17000 r--p 00016000 08:01 267776                     /lib/x86_64-linux-gnu/libnsl-2.27.so
7f153cd17000-7f153cd18000 rw-p 00017000 08:01 267776                     /lib/x86_64-linux-gnu/libnsl-2.27.so
7f153cd18000-7f153cd1a000 rw-p 00000000 00:00 0 
7f153cd1a000-7f153cd25000 r-xp 00000000 08:01 267793                     /lib/x86_64-linux-gnu/libnss_nis-2.27.so
7f153cd25000-7f153cf24000 ---p 0000b000 08:01 267793                     /lib/x86_64-linux-gnu/libnss_nis-2.27.so
7f153cf24000-7f153cf25000 r--p 0000a000 08:01 267793                     /lib/x86_64-linux-gnu/libnss_nis-2.27.so
7f153cf25000-7f153cf26000 rw-p 0000b000 08:01 267793                     /lib/x86_64-linux-gnu/libnss_nis-2.27.so
7f153cf26000-7f153cf2e000 r-xp 00000000 08:01 267778                     /lib/x86_64-linux-gnu/libnss_compat-2.27.so
7f153cf2e000-7f153d12e000 ---p 00008000 08:01 267778                     /lib/x86_64-linux-gnu/libnss_compat-2.27.so
7f153d12e000-7f153d12f000 r--p 00008000 08:01 267778                     /lib/x86_64-linux-gnu/libnss_compat-2.27.so
7f153d12f000-7f153d130000 rw-p 00009000 08:01 267778                     /lib/x86_64-linux-gnu/libnss_compat-2.27.so
7f153d130000-7f153d159000 r-xp 00000000 08:01 920722                     /usr/lib/jvm/java-11-openjdk-amd64/lib/libjava.so
7f153d159000-7f153d358000 ---p 00029000 08:01 920722                     /usr/lib/jvm/java-11-openjdk-amd64/lib/libjava.so
7f153d358000-7f153d359000 r--p 00028000 08:01 920722                     /usr/lib/jvm/java-11-openjdk-amd64/lib/libjava.so
7f153d359000-7f153d35b000 rw-p 00029000 08:01 920722                     /usr/lib/jvm/java-11-openjdk-amd64/lib/libjava.so
7f153d35b000-7f153d368000 r-xp 00000000 08:01 920742                     /usr/lib/jvm/java-11-openjdk-amd64/lib/libverify.so
7f153d368000-7f153d567000 ---p 0000d000 08:01 920742                     /usr/lib/jvm/java-11-openjdk-amd64/lib/libverify.so
7f153d567000-7f153d569000 r--p 0000c000 08:01 920742                     /usr/lib/jvm/java-11-openjdk-amd64/lib/libverify.so
7f153d569000-7f153d56a000 rw-p 0000e000 08:01 920742                     /usr/lib/jvm/java-11-openjdk-amd64/lib/libverify.so
7f153d56a000-7f153d571000 r-xp 00000000 08:01 267833                     /lib/x86_64-linux-gnu/librt-2.27.so
7f153d571000-7f153d770000 ---p 00007000 08:01 267833                     /lib/x86_64-linux-gnu/librt-2.27.so
7f153d770000-7f153d771000 r--p 00006000 08:01 267833                     /lib/x86_64-linux-gnu/librt-2.27.so
7f153d771000-7f153d772000 rw-p 00007000 08:01 267833                     /lib/x86_64-linux-gnu/librt-2.27.so
7f153d772000-7f153d789000 r-xp 00000000 08:01 267729                     /lib/x86_64-linux-gnu/libgcc_s.so.1
7f153d789000-7f153d988000 ---p 00017000 08:01 267729                     /lib/x86_64-linux-gnu/libgcc_s.so.1
7f153d988000-7f153d989000 r--p 00016000 08:01 267729                     /lib/x86_64-linux-gnu/libgcc_s.so.1
7f153d989000-7f153d98a000 rw-p 00017000 08:01 267729                     /lib/x86_64-linux-gnu/libgcc_s.so.1
7f153d98a000-7f153db27000 r-xp 00000000 08:01 267755                     /lib/x86_64-linux-gnu/libm-2.27.so
7f153db27000-7f153dd26000 ---p 0019d000 08:01 267755                     /lib/x86_64-linux-gnu/libm-2.27.so
7f153dd26000-7f153dd27000 r--p 0019c000 08:01 267755                     /lib/x86_64-linux-gnu/libm-2.27.so
7f153dd27000-7f153dd28000 rw-p 0019d000 08:01 267755                     /lib/x86_64-linux-gnu/libm-2.27.so
7f153dd28000-7f153dea1000 r-xp 00000000 08:01 927430                     /usr/lib/x86_64-linux-gnu/libstdc++.so.6.0.25
7f153dea1000-7f153e0a1000 ---p 00179000 08:01 927430                     /usr/lib/x86_64-linux-gnu/libstdc++.so.6.0.25
7f153e0a1000-7f153e0ab000 r--p 00179000 08:01 927430                     /usr/lib/x86_64-linux-gnu/libstdc++.so.6.0.25
7f153e0ab000-7f153e0ad000 rw-p 00183000 08:01 927430                     /usr/lib/x86_64-linux-gnu/libstdc++.so.6.0.25
7f153e0ad000-7f153e0b1000 rw-p 00000000 00:00 0 
7f153e0b1000-7f153f17d000 r-xp 00000000 08:01 920749                     /usr/lib/jvm/java-11-openjdk-amd64/lib/server/libjvm.so
7f153f17d000-7f153f37c000 ---p 010cc000 08:01 920749                     /usr/lib/jvm/java-11-openjdk-amd64/lib/server/libjvm.so
7f153f37c000-7f153f439000 r--p 010cb000 08:01 920749                     /usr/lib/jvm/java-11-openjdk-amd64/lib/server/libjvm.so
7f153f439000-7f153f472000 rw-p 01188000 08:01 920749                     /usr/lib/jvm/java-11-openjdk-amd64/lib/server/libjvm.so
7f153f472000-7f153f4c8000 rw-p 00000000 00:00 0 
7f153f4c8000-7f153f4e2000 r-xp 00000000 08:01 267825                     /lib/x86_64-linux-gnu/libpthread-2.27.so
7f153f4e2000-7f153f6e1000 ---p 0001a000 08:01 267825                     /lib/x86_64-linux-gnu/libpthread-2.27.so
7f153f6e1000-7f153f6e2000 r--p 00019000 08:01 267825                     /lib/x86_64-linux-gnu/libpthread-2.27.so
7f153f6e2000-7f153f6e3000 rw-p 0001a000 08:01 267825                     /lib/x86_64-linux-gnu/libpthread-2.27.so
7f153f6e3000-7f153f6e7000 rw-p 00000000 00:00 0 
7f153f6e7000-7f153f6ea000 r-xp 00000000 08:01 267715                     /lib/x86_64-linux-gnu/libdl-2.27.so
7f153f6ea000-7f153f8e9000 ---p 00003000 08:01 267715                     /lib/x86_64-linux-gnu/libdl-2.27.so
7f153f8e9000-7f153f8ea000 r--p 00002000 08:01 267715                     /lib/x86_64-linux-gnu/libdl-2.27.so
7f153f8ea000-7f153f8eb000 rw-p 00003000 08:01 267715                     /lib/x86_64-linux-gnu/libdl-2.27.so
7f153f8eb000-7f153f907000 r-xp 00000000 08:01 267864                     /lib/x86_64-linux-gnu/libz.so.1.2.11
7f153f907000-7f153fb06000 ---p 0001c000 08:01 267864                     /lib/x86_64-linux-gnu/libz.so.1.2.11
7f153fb06000-7f153fb07000 r--p 0001b000 08:01 267864                     /lib/x86_64-linux-gnu/libz.so.1.2.11
7f153fb07000-7f153fb08000 rw-p 0001c000 08:01 267864                     /lib/x86_64-linux-gnu/libz.so.1.2.11
7f153fb08000-7f153fcef000 r-xp 00000000 08:01 267692                     /lib/x86_64-linux-gnu/libc-2.27.so
7f153fcef000-7f153feef000 ---p 001e7000 08:01 267692                     /lib/x86_64-linux-gnu/libc-2.27.so
7f153feef000-7f153fef3000 r--p 001e7000 08:01 267692                     /lib/x86_64-linux-gnu/libc-2.27.so
7f153fef3000-7f153fef5000 rw-p 001eb000 08:01 267692                     /lib/x86_64-linux-gnu/libc-2.27.so
7f153fef5000-7f153fef9000 rw-p 00000000 00:00 0 
7f153fef9000-7f153ff09000 r-xp 00000000 08:01 920706                     /usr/lib/jvm/java-11-openjdk-amd64/lib/jli/libjli.so
7f153ff09000-7f1540108000 ---p 00010000 08:01 920706                     /usr/lib/jvm/java-11-openjdk-amd64/lib/jli/libjli.so
7f1540108000-7f1540109000 r--p 0000f000 08:01 920706                     /usr/lib/jvm/java-11-openjdk-amd64/lib/jli/libjli.so
7f1540109000-7f154010a000 rw-p 00010000 08:01 920706                     /usr/lib/jvm/java-11-openjdk-amd64/lib/jli/libjli.so
7f154010a000-7f1540131000 r-xp 00000000 08:01 267664                     /lib/x86_64-linux-gnu/ld-2.27.so
7f1540138000-7f1540213000 rw-p 00000000 00:00 0 
7f1540213000-7f154021a000 ---p 00000000 00:00 0 
7f154021a000-7f154021e000 ---p 00000000 00:00 0 
7f154021e000-7f154031d000 rw-p 00000000 00:00 0 
7f1540325000-7f154032d000 rw-s 00000000 08:01 3290912                    /tmp/hsperfdata_ajoecker/7627
7f154032d000-7f154032e000 ---p 00000000 00:00 0 
7f154032e000-7f154032f000 r--p 00000000 00:00 0 
7f154032f000-7f1540331000 rw-p 00000000 00:00 0 
7f1540331000-7f1540332000 r--p 00027000 08:01 267664                     /lib/x86_64-linux-gnu/ld-2.27.so
7f1540332000-7f1540333000 rw-p 00028000 08:01 267664                     /lib/x86_64-linux-gnu/ld-2.27.so
7f1540333000-7f1540334000 rw-p 00000000 00:00 0 
7fff2b42d000-7fff2b44e000 rw-p 00000000 00:00 0                          [stack]
7fff2b57e000-7fff2b581000 r--p 00000000 00:00 0                          [vvar]
7fff2b581000-7fff2b582000 r-xp 00000000 00:00 0                          [vdso]
ffffffffff600000-ffffffffff601000 r-xp 00000000 00:00 0                  [vsyscall]


VM Arguments:
jvm_args: -Dclassworlds.conf=/usr/share/maven/bin/m2.conf -Dmaven.home=/usr/share/maven -Dlibrary.jansi.path=/usr/share/maven/lib/jansi-native -Dmaven.multiModuleProjectDirectory=/home/ajoecker/IdeaProjects/gauge-services 
java_command: org.codehaus.plexus.classworlds.launcher.Launcher clean install
java_class_path (initial): /usr/share/maven/boot/plexus-classworlds-2.x.jar
Launcher Type: SUN_STANDARD

[Global flags]
     intx CICompilerCount                          = 2                                         {product} {ergonomic}
     uint ConcGCThreads                            = 1                                         {product} {ergonomic}
     uint G1ConcRefinementThreads                  = 2                                         {product} {ergonomic}
   size_t G1HeapRegionSize                         = 1048576                                   {product} {ergonomic}
    uintx GCDrainStackTargetSize                   = 64                                        {product} {ergonomic}
   size_t InitialHeapSize                          = 33554432                                  {product} {ergonomic}
   size_t MarkStackSize                            = 4194304                                   {product} {ergonomic}
   size_t MaxHeapSize                              = 522190848                                 {product} {ergonomic}
   size_t MaxNewSize                               = 312475648                                 {product} {ergonomic}
   size_t MinHeapDeltaBytes                        = 1048576                                   {product} {ergonomic}
    uintx NonNMethodCodeHeapSize                   = 5824844                                {pd product} {ergonomic}
    uintx NonProfiledCodeHeapSize                  = 122916698                              {pd product} {ergonomic}
    uintx ProfiledCodeHeapSize                     = 122916698                              {pd product} {ergonomic}
    uintx ReservedCodeCacheSize                    = 251658240                              {pd product} {ergonomic}
     bool SegmentedCodeCache                       = true                                      {product} {ergonomic}
     bool UseCompressedClassPointers               = true                                 {lp64_product} {ergonomic}
     bool UseCompressedOops                        = true                                 {lp64_product} {ergonomic}
     bool UseG1GC                                  = true                                      {product} {ergonomic}

Logging:
Log output configuration:
 #0: stdout all=warning uptime,level,tags
 #1: stderr all=off uptime,level,tags

Environment Variables:
PATH=/usr/local/sbin:/usr/local/bin:/usr/sbin:/usr/bin:/sbin:/bin:/usr/games:/usr/local/games:/snap/bin
USERNAME=ajoecker
SHELL=/bin/bash
DISPLAY=:0

Signal Handlers:
SIGSEGV: [libjvm.so+0xde5f50], sa_mask[0]=11111111011111111101111111111110, sa_flags=SA_RESTART|SA_SIGINFO
SIGBUS: [libjvm.so+0xde5f50], sa_mask[0]=11111111011111111101111111111110, sa_flags=SA_RESTART|SA_SIGINFO
SIGFPE: [libjvm.so+0xde5f50], sa_mask[0]=11111111011111111101111111111110, sa_flags=SA_RESTART|SA_SIGINFO
SIGPIPE: [libjvm.so+0xbba5b0], sa_mask[0]=11111111011111111101111111111110, sa_flags=SA_RESTART|SA_SIGINFO
SIGXFSZ: [libjvm.so+0xbba5b0], sa_mask[0]=11111111011111111101111111111110, sa_flags=SA_RESTART|SA_SIGINFO
SIGILL: [libjvm.so+0xde5f50], sa_mask[0]=11111111011111111101111111111110, sa_flags=SA_RESTART|SA_SIGINFO
SIGUSR2: [libjvm.so+0xbba450], sa_mask[0]=00100000000000000000000000000000, sa_flags=SA_RESTART|SA_SIGINFO
SIGHUP: [libjvm.so+0xbba7b0], sa_mask[0]=11111111011111111101111111111110, sa_flags=SA_RESTART|SA_SIGINFO
SIGINT: [libjvm.so+0xbba7b0], sa_mask[0]=11111111011111111101111111111110, sa_flags=SA_RESTART|SA_SIGINFO
SIGTERM: [libjvm.so+0xbba7b0], sa_mask[0]=11111111011111111101111111111110, sa_flags=SA_RESTART|SA_SIGINFO
SIGQUIT: [libjvm.so+0xbba7b0], sa_mask[0]=11111111011111111101111111111110, sa_flags=SA_RESTART|SA_SIGINFO


---------------  S Y S T E M  ---------------

OS:DISTRIB_ID=Ubuntu
DISTRIB_RELEASE=18.04
DISTRIB_CODENAME=bionic
DISTRIB_DESCRIPTION="Ubuntu 18.04.3 LTS"
uname:Linux 5.0.0-32-generic #34~18.04.2-Ubuntu SMP Thu Oct 10 10:36:02 UTC 2019 x86_64
libc:glibc 2.27 NPTL 2.27 
rlimit: STACK 8192k, CORE 0k, NPROC 7776, NOFILE 4096, AS infinity, DATA infinity, FSIZE infinity
load average:6,80 4,11 2,52

/proc/meminfo:
MemTotal:        2038576 kB
MemFree:           63640 kB
MemAvailable:      18456 kB
Buffers:            1176 kB
Cached:            22680 kB
SwapCached:          436 kB
Active:          1309052 kB
Inactive:         449808 kB
Active(anon):    1297500 kB
Inactive(anon):   438012 kB
Active(file):      11552 kB
Inactive(file):    11796 kB
Unevictable:          32 kB
Mlocked:              32 kB
SwapTotal:       2097148 kB
SwapFree:              0 kB
Dirty:                64 kB
Writeback:             0 kB
AnonPages:       1734812 kB
Mapped:            19360 kB
Shmem:               388 kB
KReclaimable:      36848 kB
Slab:             103344 kB
SReclaimable:      36848 kB
SUnreclaim:        66496 kB
KernelStack:       12544 kB
PageTables:        46348 kB
NFS_Unstable:          0 kB
Bounce:                0 kB
WritebackTmp:          0 kB
CommitLimit:     3116436 kB
Committed_AS:    7134844 kB
VmallocTotal:   34359738367 kB
VmallocUsed:           0 kB
VmallocChunk:          0 kB
Percpu:             1032 kB
HardwareCorrupted:     0 kB
AnonHugePages:         0 kB
ShmemHugePages:        0 kB
ShmemPmdMapped:        0 kB
CmaTotal:              0 kB
CmaFree:               0 kB
HugePages_Total:       0
HugePages_Free:        0
HugePages_Rsvd:        0
HugePages_Surp:        0
Hugepagesize:       2048 kB
Hugetlb:               0 kB
DirectMap4k:      151488 kB
DirectMap2M:     1945600 kB


/proc/sys/kernel/threads-max (system-wide limit on the number of threads):
15553


/proc/sys/vm/max_map_count (maximum number of memory map areas a process may have):
65530


/proc/sys/kernel/pid_max (system-wide limit on number of process identifiers):
32768



container (cgroup) information:
container_type: cgroupv1
cpu_cpuset_cpus: 0-1
cpu_memory_nodes: 0
active_processor_count: 2
cpu_quota: -1
cpu_period: 100000
cpu_shares: -1
memory_limit_in_bytes: -1
memory_and_swap_limit_in_bytes: -2
memory_soft_limit_in_bytes: -1
memory_usage_in_bytes: 1867026432
memory_max_usage_in_bytes: 1884622848

Steal ticks since vm start: 0
Steal ticks percentage since vm start:  0,000

CPU:total 2 (initial active 2) (2 cores per cpu, 1 threads per core) family 6 model 142 stepping 9, cmov, cx8, fxsr, mmx, sse, sse2, sse3, ssse3, sse4.1, sse4.2, popcnt, avx, avx2, aes, clmul, 3dnowpref, lzcnt, tsc, tscinvbit
CPU Model and flags from /proc/cpuinfo:
model name	: Intel(R) Core(TM) i7-7500U CPU @ 2.70GHz
flags		: fpu vme de pse tsc msr pae mce cx8 apic sep mtrr pge mca cmov pat pse36 clflush mmx fxsr sse sse2 ht syscall nx rdtscp lm constant_tsc rep_good nopl xtopology nonstop_tsc cpuid tsc_known_freq pni pclmulqdq ssse3 cx16 pcid sse4_1 sse4_2 x2apic movbe popcnt aes xsave avx rdrand hypervisor lahf_lm abm 3dnowprefetch invpcid_single pti fsgsbase avx2 invpcid rdseed clflushopt flush_l1d

Memory: 4k page, physical 2038576k(63136k free), swap 2097148k(0k free)

vm_info: OpenJDK 64-Bit Server VM (11.0.4+11-post-Ubuntu-1ubuntu218.04.3) for linux-amd64 JRE (11.0.4+11-post-Ubuntu-1ubuntu218.04.3), built on Jul 18 2019 18:21:46 by "buildd" with gcc 7.4.0

END.
